[debug] [2022-02-07T07:08:30.446Z] ----------------------------------------------------------------------
[debug] [2022-02-07T07:08:30.448Z] Command:       C:\Program Files\nodejs\node.exe C:\Users\Tomek\AppData\Roaming\npm\node_modules\firebase-tools\lib\bin\firebase.js emulators:start
[debug] [2022-02-07T07:08:30.448Z] CLI Version:   9.23.1
[debug] [2022-02-07T07:08:30.448Z] Platform:      win32
[debug] [2022-02-07T07:08:30.448Z] Node Version:  v14.15.4
[debug] [2022-02-07T07:08:30.449Z] Time:          Mon Feb 07 2022 08:08:30 GMT+0100 (czas środkowoeuropejski standardowy)
[debug] [2022-02-07T07:08:30.449Z] ----------------------------------------------------------------------
[debug] 
[debug] [2022-02-07T07:08:30.681Z] > command requires scopes: ["email","openid","https://www.googleapis.com/auth/cloudplatformprojects.readonly","https://www.googleapis.com/auth/firebase","https://www.googleapis.com/auth/cloud-platform"]
[debug] [2022-02-07T07:08:30.682Z] > authorizing via signed-in user (tomasz.m.fital@gmail.com)
[info] i  emulators: Starting emulators: hosting {"metadata":{"emulator":{"name":"hub"},"message":"Starting emulators: hosting"}}
[warn] !  emulators: It seems that you are running multiple instances of the emulator suite for project water-the-plants-tpf. This may result in unexpected behavior. 
[debug] [2022-02-07T07:08:30.741Z] [hub] writing locator at C:\Users\Tomek\AppData\Local\Temp\hub-water-the-plants-tpf.json
[debug] [2022-02-07T07:08:30.790Z] > refreshing access token with scopes: []
[debug] [2022-02-07T07:08:30.791Z] >>> HTTP REQUEST POST https://www.googleapis.com/oauth2/v3/token  
 <request body omitted>
[debug] [2022-02-07T07:08:30.972Z] <<< HTTP RESPONSE 200 {"expires":"Mon, 01 Jan 1990 00:00:00 GMT","pragma":"no-cache","date":"Mon, 07 Feb 2022 07:08:30 GMT","cache-control":"no-cache, no-store, max-age=0, must-revalidate","content-type":"application/json; charset=utf-8","vary":"X-Origin, Referer, Origin,Accept-Encoding","server":"scaffolding on HTTPServer2","x-xss-protection":"0","x-frame-options":"SAMEORIGIN","x-content-type-options":"nosniff","alt-svc":"h3=\":443\"; ma=2592000,h3-29=\":443\"; ma=2592000,h3-Q050=\":443\"; ma=2592000,h3-Q046=\":443\"; ma=2592000,h3-Q043=\":443\"; ma=2592000,quic=\":443\"; ma=2592000; v=\"46,43\"","accept-ranges":"none","transfer-encoding":"chunked"}
[debug] [2022-02-07T07:08:31.035Z] >>> [apiv2][query] GET https://firebasehosting.googleapis.com/v1beta1/projects/water-the-plants-tpf/sites 
[debug] [2022-02-07T07:08:32.004Z] <<< [apiv2][status] GET https://firebasehosting.googleapis.com/v1beta1/projects/water-the-plants-tpf/sites 200
[debug] [2022-02-07T07:08:32.005Z] <<< [apiv2][body] GET https://firebasehosting.googleapis.com/v1beta1/projects/water-the-plants-tpf/sites {"sites":[{"name":"projects/267745454598/sites/water-the-plants-tpf","defaultUrl":"https://water-the-plants-tpf.web.app","appId":"1:267745454598:web:09d0df59546f2471057187","type":"DEFAULT_SITE"}]}
[debug] [2022-02-07T07:08:32.005Z] >>> [apiv2][query] GET https://firebase.googleapis.com/v1beta1/projects/water-the-plants-tpf/webApps/1:267745454598:web:09d0df59546f2471057187/config [none]
[debug] [2022-02-07T07:08:33.076Z] <<< [apiv2][status] GET https://firebase.googleapis.com/v1beta1/projects/water-the-plants-tpf/webApps/1:267745454598:web:09d0df59546f2471057187/config 200
[debug] [2022-02-07T07:08:33.076Z] <<< [apiv2][body] GET https://firebase.googleapis.com/v1beta1/projects/water-the-plants-tpf/webApps/1:267745454598:web:09d0df59546f2471057187/config {"projectId":"water-the-plants-tpf","appId":"1:267745454598:web:09d0df59546f2471057187","databaseURL":"https://water-the-plants-tpf-default-rtdb.firebaseio.com","storageBucket":"water-the-plants-tpf.appspot.com","locationId":"us-central","apiKey":"AIzaSyCr4sQ6pOzKLYleObJCAU5brJyPMxxITow","authDomain":"water-the-plants-tpf.firebaseapp.com","messagingSenderId":"267745454598"}
[info] i  hosting[water-the-plants-tpf]: Serving hosting files from: public {"metadata":{"emulator":{"name":"hosting"},"message":"Serving hosting files from: \u001b[1mpublic\u001b[22m"}}
[info] +  hosting[water-the-plants-tpf]: Local server: http://localhost:5000 {"metadata":{"emulator":{"name":"hosting"},"message":"Local server: \u001b[4m\u001b[1mhttp://localhost:5000\u001b[22m\u001b[24m"}}
[warn] !  emulators: The Emulator UI requires a project ID to start. Configure your default project with 'firebase use' or pass the --project flag. {"metadata":{"emulator":{"name":"hub"},"message":"The Emulator UI requires a project ID to start. Configure your default project with 'firebase use' or pass the --project flag."}}
[info] 
┌─────────────────────────────────────────────────────────────┐
│ ✔  All emulators ready! It is now safe to connect your app. │
└─────────────────────────────────────────────────────────────┘

┌──────────┬────────────────┐
│ Emulator │ Host:Port      │
├──────────┼────────────────┤
│ Hosting  │ localhost:5000 │
└──────────┴────────────────┘
  Emulator Hub running at localhost:4400
  Other reserved ports: None

Issues? Report them at https://github.com/firebase/firebase-tools/issues and attach the *-debug.log files.
 
